<?xml version='1.0' encoding='UTF-8'?>
<testsuite hostname="seamfix-badekunle" name="tweetclient.TweetScraperTestSuit" tests="2" errors="0" failures="0" skipped="0" time="1.445">
                     <properties>
[...]
</properties>
                     <testcase classname="tweetclient.TweetScraperTestSuit" name="Twitter Scraper should Assert that configuration is okay" time="0.727">
                                                 
                                               </testcase><testcase classname="tweetclient.TweetScraperTestSuit" name="Twitter Scraper should Should return a json of search query" time="0.718">
                                                 
                                               </testcase>
                     <system-out><![CDATA[]]></system-out>
                     <system-err><![CDATA[]]></system-err>
                   </testsuite>